{"color":"red","level":"info","message":"Informação"}
{"message":"::1 - - [22/Aug/2018:23:19:23 +0000] \"GET / HTTP/1.1\" 404 139 \"-\" \"Mozilla/5.0 (X11; Linux x86_64) AppleWebKit/537.36 (KHTML, like Gecko) Chrome/68.0.3440.106 Safari/537.36\"\n","level":"info"}
{"message":"::1 - - [22/Aug/2018:23:19:23 +0000] \"GET /favicon.ico HTTP/1.1\" 404 150 \"http://localhost:8000/\" \"Mozilla/5.0 (X11; Linux x86_64) AppleWebKit/537.36 (KHTML, like Gecko) Chrome/68.0.3440.106 Safari/537.36\"\n","level":"info"}
{"message":"::1 - - [22/Aug/2018:23:19:51 +0000] \"GET /login] HTTP/1.1\" 404 145 \"-\" \"Mozilla/5.0 (X11; Linux x86_64) AppleWebKit/537.36 (KHTML, like Gecko) Chrome/68.0.3440.106 Safari/537.36\"\n","level":"info"}
{"message":"::1 - - [22/Aug/2018:23:20:07 +0000] \"GET /login] HTTP/1.1\" 404 145 \"-\" \"Mozilla/5.0 (X11; Linux x86_64) AppleWebKit/537.36 (KHTML, like Gecko) Chrome/68.0.3440.106 Safari/537.36\"\n","level":"info"}
{"message":"::1 - - [22/Aug/2018:23:23:18 +0000] \"GET / HTTP/1.1\" 404 139 \"-\" \"Mozilla/5.0 (X11; Linux x86_64) AppleWebKit/537.36 (KHTML, like Gecko) Chrome/68.0.3440.106 Safari/537.36\"\n","level":"info"}
{"message":"::1 - - [22/Aug/2018:23:23:26 +0000] \"GET / HTTP/1.1\" 404 139 \"-\" \"Mozilla/5.0 (X11; Linux x86_64) AppleWebKit/537.36 (KHTML, like Gecko) Chrome/68.0.3440.106 Safari/537.36\"\n","level":"info"}
{"message":"::1 - - [22/Aug/2018:23:23:34 +0000] \"GET / HTTP/1.1\" 404 139 \"-\" \"Mozilla/5.0 (X11; Linux x86_64) AppleWebKit/537.36 (KHTML, like Gecko) Chrome/68.0.3440.106 Safari/537.36\"\n","level":"info"}
{"message":"::1 - - [22/Aug/2018:23:23:40 +0000] \"GET / HTTP/1.1\" 404 139 \"-\" \"Mozilla/5.0 (X11; Linux x86_64) AppleWebKit/537.36 (KHTML, like Gecko) Chrome/68.0.3440.106 Safari/537.36\"\n","level":"info"}
{"message":"::1 - - [22/Aug/2018:23:23:55 +0000] \"GET / HTTP/1.1\" 404 139 \"-\" \"Mozilla/5.0 (X11; Linux x86_64) AppleWebKit/537.36 (KHTML, like Gecko) Chrome/68.0.3440.106 Safari/537.36\"\n","level":"info"}
{"message":"::1 - - [22/Aug/2018:23:24:08 +0000] \"GET /login HTTP/1.1\" 404 144 \"-\" \"Mozilla/5.0 (X11; Linux x86_64) AppleWebKit/537.36 (KHTML, like Gecko) Chrome/68.0.3440.106 Safari/537.36\"\n","level":"info"}
{"message":"::1 - - [22/Aug/2018:23:24:44 +0000] \"GET /login HTTP/1.1\" 404 144 \"-\" \"Mozilla/5.0 (X11; Linux x86_64) AppleWebKit/537.36 (KHTML, like Gecko) Chrome/68.0.3440.106 Safari/537.36\"\n","level":"info"}
{"message":"::1 - - [22/Aug/2018:23:24:54 +0000] \"GET / HTTP/1.1\" 404 139 \"-\" \"Mozilla/5.0 (X11; Linux x86_64) AppleWebKit/537.36 (KHTML, like Gecko) Chrome/68.0.3440.106 Safari/537.36\"\n","level":"info"}
{"message":"::1 - - [22/Aug/2018:23:25:17 +0000] \"GET /escolas HTTP/1.1\" 304 - \"-\" \"Mozilla/5.0 (X11; Linux x86_64) AppleWebKit/537.36 (KHTML, like Gecko) Chrome/68.0.3440.106 Safari/537.36\"\n","level":"info"}
{"color":"red","level":"info","message":"Informação"}
{"message":"::1 - - [22/Aug/2018:23:25:50 +0000] \"GET /escolas HTTP/1.1\" 304 - \"-\" \"Mozilla/5.0 (X11; Linux x86_64) AppleWebKit/537.36 (KHTML, like Gecko) Chrome/68.0.3440.106 Safari/537.36\"\n","level":"info"}
{"message":"::1 - - [22/Aug/2018:23:26:31 +0000] \"GET /escolas HTTP/1.1\" 304 - \"-\" \"Mozilla/5.0 (X11; Linux x86_64) AppleWebKit/537.36 (KHTML, like Gecko) Chrome/68.0.3440.106 Safari/537.36\"\n","level":"info"}
{"message":"::1 - - [22/Aug/2018:23:27:13 +0000] \"GET / HTTP/1.1\" 404 139 \"-\" \"Mozilla/5.0 (X11; Linux x86_64) AppleWebKit/537.36 (KHTML, like Gecko) Chrome/68.0.3440.106 Safari/537.36\"\n","level":"info"}
{"message":"::1 - - [22/Aug/2018:23:27:27 +0000] \"GET /sadsd HTTP/1.1\" 404 144 \"-\" \"Mozilla/5.0 (X11; Linux x86_64) AppleWebKit/537.36 (KHTML, like Gecko) Chrome/68.0.3440.106 Safari/537.36\"\n","level":"info"}
{"message":"::1 - - [22/Aug/2018:23:28:05 +0000] \"GET /adicional/register' HTTP/1.1\" 404 162 \"-\" \"Mozilla/5.0 (X11; Linux x86_64) AppleWebKit/537.36 (KHTML, like Gecko) Chrome/68.0.3440.106 Safari/537.36\"\n","level":"info"}
{"message":"::1 - - [22/Aug/2018:23:28:37 +0000] \"GET /adicional/adicional/register' HTTP/1.1\" 404 172 \"-\" \"Mozilla/5.0 (X11; Linux x86_64) AppleWebKit/537.36 (KHTML, like Gecko) Chrome/68.0.3440.106 Safari/537.36\"\n","level":"info"}
{"message":"::1 - - [22/Aug/2018:23:29:05 +0000] \"GET /escolas/todas HTTP/1.1\" 304 - \"-\" \"Mozilla/5.0 (X11; Linux x86_64) AppleWebKit/537.36 (KHTML, like Gecko) Chrome/68.0.3440.106 Safari/537.36\"\n","level":"info"}
